{
  "stats": {
    "suites": 1,
    "tests": 1,
    "passes": 1,
    "pending": 0,
    "failures": 0,
    "start": "2025-03-26T21:24:38.854Z",
    "end": "2025-03-26T21:24:42.916Z",
    "duration": 4062,
    "testsRegistered": 1,
    "passPercent": 100,
    "pendingPercent": 0,
    "other": 0,
    "hasOther": false,
    "skipped": 0,
    "hasSkipped": false
  },
  "results": [
    {
      "uuid": "1d4ed65b-8e53-4bec-bd95-8072bf4ce1b0",
      "title": "",
      "fullFile": "cypress\\e2e\\POMTest\\LoginTest.cy.js",
      "file": "cypress\\e2e\\POMTest\\LoginTest.cy.js",
      "beforeHooks": [],
      "afterHooks": [],
      "tests": [],
      "suites": [
        {
          "uuid": "4eca53b8-9d30-4162-8459-9f9e2320d880",
          "title": "POM",
          "fullFile": "",
          "file": "",
          "beforeHooks": [],
          "afterHooks": [],
          "tests": [
            {
              "title": "Test1,LoginTest",
              "fullTitle": "POM Test1,LoginTest",
              "timedOut": null,
              "duration": 2743,
              "state": "passed",
              "speed": "fast",
              "pass": true,
              "fail": false,
              "pending": false,
              "context": null,
              "code": "cy.visit(\"http://169.61.105.110/medicareAdvantage_sandbox/medicare-advantage\");\ncy.fixture('LoginFixture').then(data => {\n  const ln = new _LoginPage.default();\n  ln.setUserName(data.username);\n  ln.setPassword(data.password);\n  ln.clickLoginBtn();\n  ln.verifyLogin();\n});",
              "err": {},
              "uuid": "10e3d49f-6781-4a1c-9498-99367ae3963e",
              "parentUUID": "4eca53b8-9d30-4162-8459-9f9e2320d880",
              "isHook": false,
              "skipped": false
            }
          ],
          "suites": [],
          "passes": [
            "10e3d49f-6781-4a1c-9498-99367ae3963e"
          ],
          "failures": [],
          "pending": [],
          "skipped": [],
          "duration": 2743,
          "root": false,
          "rootEmpty": false,
          "_timeout": 2000
        }
      ],
      "passes": [],
      "failures": [],
      "pending": [],
      "skipped": [],
      "duration": 0,
      "root": true,
      "rootEmpty": true,
      "_timeout": 2000
    }
  ],
  "meta": {
    "mocha": {
      "version": "7.0.1"
    },
    "mochawesome": {
      "options": {
        "quiet": false,
        "reportFilename": "mochawesome",
        "saveHtml": false,
        "saveJson": true,
        "consoleReporter": "spec",
        "useInlineDiffs": false,
        "code": true
      },
      "version": "7.1.3"
    },
    "marge": {
      "options": {
        "overwrite": false,
        "html": false,
        "json": true,
        "reportDir": "cypress\\reports\\html\\.jsons"
      },
      "version": "6.2.0"
    }
  }
}